[     223ms] [ERROR] Failed to load resource: the server responded with a status of 404 (Not Found) @ http://localhost:5173/favicon.ico:0
[ 4633602ms] ReferenceError: sidebarWidth is not defined
    at LinearShell (http://localhost:5173/src/components/LinearShell.tsx?t=1772505459427:52:27)
    at Object.react_stack_bottom_frame (http://localhost:5173/@fs/Users/wdonaldson/tools/krisp-meeting-insights/node_modules/.vite/deps/react-dom_client.js?v=25beec8e:18509:20)
    at renderWithHooks (http://localhost:5173/@fs/Users/wdonaldson/tools/krisp-meeting-insights/node_modules/.vite/deps/react-dom_client.js?v=25beec8e:5654:24)
    at updateFunctionComponent (http://localhost:5173/@fs/Users/wdonaldson/tools/krisp-meeting-insights/node_modules/.vite/deps/react-dom_client.js?v=25beec8e:7475:21)
    at beginWork (http://localhost:5173/@fs/Users/wdonaldson/tools/krisp-meeting-insights/node_modules/.vite/deps/react-dom_client.js?v=25beec8e:8525:20)
    at runWithFiberInDEV (http://localhost:5173/@fs/Users/wdonaldson/tools/krisp-meeting-insights/node_modules/.vite/deps/react-dom_client.js?v=25beec8e:997:72)
    at performUnitOfWork (http://localhost:5173/@fs/Users/wdonaldson/tools/krisp-meeting-insights/node_modules/.vite/deps/react-dom_client.js?v=25beec8e:12561:98)
    at workLoopSync (http://localhost:5173/@fs/Users/wdonaldson/tools/krisp-meeting-insights/node_modules/.vite/deps/react-dom_client.js?v=25beec8e:12424:43)
    at renderRootSync (http://localhost:5173/@fs/Users/wdonaldson/tools/krisp-meeting-insights/node_modules/.vite/deps/react-dom_client.js?v=25beec8e:12408:13)
    at performWorkOnRoot (http://localhost:5173/@fs/Users/wdonaldson/tools/krisp-meeting-insights/node_modules/.vite/deps/react-dom_client.js?v=25beec8e:11827:37)
[ 4633601ms] [WARNING] %s

%s
 An error occurred in the <LinearShell> component. Consider adding an error boundary to your tree to customize error handling behavior.
Visit https://react.dev/link/error-boundaries to learn more about error boundaries. @ http://localhost:5173/@fs/Users/wdonaldson/tools/krisp-meeting-insights/node_modules/.vite/deps/react-dom_client.js?v=25beec8e:6965
[ 4645592ms] ReferenceError: Sidebar is not defined
    at App (http://localhost:5173/src/App.tsx?t=1772505471418:206:11)
    at Object.react_stack_bottom_frame (http://localhost:5173/@fs/Users/wdonaldson/tools/krisp-meeting-insights/node_modules/.vite/deps/react-dom_client.js?v=25beec8e:18509:20)
    at renderWithHooks (http://localhost:5173/@fs/Users/wdonaldson/tools/krisp-meeting-insights/node_modules/.vite/deps/react-dom_client.js?v=25beec8e:5654:24)
    at updateFunctionComponent (http://localhost:5173/@fs/Users/wdonaldson/tools/krisp-meeting-insights/node_modules/.vite/deps/react-dom_client.js?v=25beec8e:7475:21)
    at beginWork (http://localhost:5173/@fs/Users/wdonaldson/tools/krisp-meeting-insights/node_modules/.vite/deps/react-dom_client.js?v=25beec8e:8525:20)
    at runWithFiberInDEV (http://localhost:5173/@fs/Users/wdonaldson/tools/krisp-meeting-insights/node_modules/.vite/deps/react-dom_client.js?v=25beec8e:997:72)
    at performUnitOfWork (http://localhost:5173/@fs/Users/wdonaldson/tools/krisp-meeting-insights/node_modules/.vite/deps/react-dom_client.js?v=25beec8e:12561:98)
    at workLoopSync (http://localhost:5173/@fs/Users/wdonaldson/tools/krisp-meeting-insights/node_modules/.vite/deps/react-dom_client.js?v=25beec8e:12424:43)
    at renderRootSync (http://localhost:5173/@fs/Users/wdonaldson/tools/krisp-meeting-insights/node_modules/.vite/deps/react-dom_client.js?v=25beec8e:12408:13)
    at performWorkOnRoot (http://localhost:5173/@fs/Users/wdonaldson/tools/krisp-meeting-insights/node_modules/.vite/deps/react-dom_client.js?v=25beec8e:11827:37)
[ 4645592ms] [WARNING] %s

%s
 An error occurred in the <App> component. Consider adding an error boundary to your tree to customize error handling behavior.
Visit https://react.dev/link/error-boundaries to learn more about error boundaries. @ http://localhost:5173/@fs/Users/wdonaldson/tools/krisp-meeting-insights/node_modules/.vite/deps/react-dom_client.js?v=25beec8e:6965
[ 4699701ms] [ERROR] Failed to load resource: the server responded with a status of 500 (Internal Server Error) @ http://localhost:5173/src/components/TopBar.tsx?t=1772505525561:0
[ 4699702ms] [ERROR] [vite] Failed to reload /src/components/TopBar.tsx. This could be due to syntax errors or importing non-existent modules. (see errors above) @ http://localhost:5173/@vite/client:808
