[     283ms] [WARNING] <meta name="apple-mobile-web-app-capable" content="yes"> is deprecated. Please include <meta name="mobile-web-app-capable" content="yes"> @ http://localhost:5188/:0
[     302ms] [ERROR] Failed to load resource: the server responded with a status of 404 (Not Found) @ http://localhost:5188/favicon.ico:0
[   62512ms] [ERROR] In HTML, %s cannot be a descendant of <%s>.
This will cause a hydration error.%s <button> button 

  ...
    <App>
      <ResponsiveShell viewId="meetings" defaultSidebarWidth={undefined} chatOpen={true} currentView="meetings" ...>
        <LinearShell topBar={<TopBar>} panels={[...]} navRail={<NavRail>} chat={<ChatPanel>} chatOpen={true} ...>
          <div className="flex flex-...">
            <div>
            <div className="flex flex-...">
              <div>
              <div>
              <div>
              <div data-testid="panel-1" className="flex-1 min..." style={undefined}>
                <MeetingDetail meeting={{id:"019d2b...", ...}} meetings={undefined} artifact={{summary:"-...", ...}} ...>
                  <div className="flex flex-...">
                    <div>
                    <div className="flex-1 ove...">
                      <AttachmentsSection>
                      <ArtifactView artifact={{summary:"-...", ...}} completions={[...]} onComplete={function} ...>
                        <div className="flex flex-col">
                          <div>
                          <SectionHeader label="Summary" isEmpty={false} expanded={true} ...>
                            <div className="flex flex-...">
>                             <button
>                               onClick={function onClick}
>                               className="flex items-center gap-2 w-full"
>                               aria-expanded={true}
>                             >
                                <svg>
                                <span>
                                <div>
                                <div className="flex-shrink-0" onClick={function onClick} ...>
                                  <div className="flex items...">
                                    <EditButton onClick={function onClick}>
>                                     <button
>                                       onClick={function onClick}
>                                       className="inline-flex items-center gap-1 text-[0.65rem] text-muted-foreground..."
>                                       aria-label="Edit section"
>                                     >
                              ...
                          ...
              ...
      ...
 @ http://localhost:5188/@fs/Users/wdonaldson/tools/krisp-meeting-insights/node_modules/.vite/deps/react-dom_client.js?v=7d9bc68a:2155
[   62512ms] [ERROR] <%s> cannot contain a nested %s.
See this log for the ancestor stack trace. button <button> @ http://localhost:5188/@fs/Users/wdonaldson/tools/krisp-meeting-insights/node_modules/.vite/deps/react-dom_client.js?v=7d9bc68a:2162
