[ 1978239ms] ReferenceError: useState is not defined
    at GroupMenu (http://localhost:5173/src/components/MeetingList.tsx?t=1772483784898:86:27)
    at Object.react_stack_bottom_frame (http://localhost:5173/@fs/Users/wdonaldson/tools/krisp-meeting-insights/node_modules/.vite/deps/react-dom_client.js?v=25beec8e:18509:20)
    at renderWithHooks (http://localhost:5173/@fs/Users/wdonaldson/tools/krisp-meeting-insights/node_modules/.vite/deps/react-dom_client.js?v=25beec8e:5654:24)
    at updateFunctionComponent (http://localhost:5173/@fs/Users/wdonaldson/tools/krisp-meeting-insights/node_modules/.vite/deps/react-dom_client.js?v=25beec8e:7475:21)
    at beginWork (http://localhost:5173/@fs/Users/wdonaldson/tools/krisp-meeting-insights/node_modules/.vite/deps/react-dom_client.js?v=25beec8e:8525:20)
    at runWithFiberInDEV (http://localhost:5173/@fs/Users/wdonaldson/tools/krisp-meeting-insights/node_modules/.vite/deps/react-dom_client.js?v=25beec8e:997:72)
    at performUnitOfWork (http://localhost:5173/@fs/Users/wdonaldson/tools/krisp-meeting-insights/node_modules/.vite/deps/react-dom_client.js?v=25beec8e:12561:98)
    at workLoopSync (http://localhost:5173/@fs/Users/wdonaldson/tools/krisp-meeting-insights/node_modules/.vite/deps/react-dom_client.js?v=25beec8e:12424:43)
    at renderRootSync (http://localhost:5173/@fs/Users/wdonaldson/tools/krisp-meeting-insights/node_modules/.vite/deps/react-dom_client.js?v=25beec8e:12408:13)
    at performWorkOnRoot (http://localhost:5173/@fs/Users/wdonaldson/tools/krisp-meeting-insights/node_modules/.vite/deps/react-dom_client.js?v=25beec8e:11827:37)
[ 1978239ms] [WARNING] %s

%s
 An error occurred in the <GroupMenu> component. Consider adding an error boundary to your tree to customize error handling behavior.
Visit https://react.dev/link/error-boundaries to learn more about error boundaries. @ http://localhost:5173/@fs/Users/wdonaldson/tools/krisp-meeting-insights/node_modules/.vite/deps/react-dom_client.js?v=25beec8e:6965
[ 1990770ms] ReferenceError: GroupMenu is not defined
    at http://localhost:5173/src/components/MeetingList.tsx?t=1772483797436:261:17
    at Array.map (<anonymous>)
    at MeetingList (http://localhost:5173/src/components/MeetingList.tsx?t=1772483797436:248:44)
    at Object.react_stack_bottom_frame (http://localhost:5173/@fs/Users/wdonaldson/tools/krisp-meeting-insights/node_modules/.vite/deps/react-dom_client.js?v=25beec8e:18509:20)
    at renderWithHooks (http://localhost:5173/@fs/Users/wdonaldson/tools/krisp-meeting-insights/node_modules/.vite/deps/react-dom_client.js?v=25beec8e:5654:24)
    at updateFunctionComponent (http://localhost:5173/@fs/Users/wdonaldson/tools/krisp-meeting-insights/node_modules/.vite/deps/react-dom_client.js?v=25beec8e:7475:21)
    at beginWork (http://localhost:5173/@fs/Users/wdonaldson/tools/krisp-meeting-insights/node_modules/.vite/deps/react-dom_client.js?v=25beec8e:8525:20)
    at runWithFiberInDEV (http://localhost:5173/@fs/Users/wdonaldson/tools/krisp-meeting-insights/node_modules/.vite/deps/react-dom_client.js?v=25beec8e:997:72)
    at performUnitOfWork (http://localhost:5173/@fs/Users/wdonaldson/tools/krisp-meeting-insights/node_modules/.vite/deps/react-dom_client.js?v=25beec8e:12561:98)
    at workLoopSync (http://localhost:5173/@fs/Users/wdonaldson/tools/krisp-meeting-insights/node_modules/.vite/deps/react-dom_client.js?v=25beec8e:12424:43)
[ 1990770ms] [WARNING] %s

%s
 An error occurred in the <MeetingList> component. Consider adding an error boundary to your tree to customize error handling behavior.
Visit https://react.dev/link/error-boundaries to learn more about error boundaries. @ http://localhost:5173/@fs/Users/wdonaldson/tools/krisp-meeting-insights/node_modules/.vite/deps/react-dom_client.js?v=25beec8e:6965
