[     239ms] [WARNING] <meta name="apple-mobile-web-app-capable" content="yes"> is deprecated. Please include <meta name="mobile-web-app-capable" content="yes"> @ http://localhost:5188/:0
[     250ms] [ERROR] Failed to load resource: the server responded with a status of 404 (Not Found) @ http://localhost:5188/favicon.ico:0
[    4059ms] [ERROR] React has detected a change in the order of Hooks called by %s. This will lead to bugs and errors if not fixed. For more information, read the Rules of Hooks: https://react.dev/link/rules-of-hooks

   Previous render            Next render
   ------------------------------------------------------
%s   ^^^^^^^^^^^^^^^^^^^^^^^^^^^^^^^^^^^^^^^^^^^^^^^^^^^^^^
 ResponsiveShell 1. useState                   useState
2. useEffect                  useEffect
3. useState                   useState
4. useCallback                useCallback
5. useCallback                useCallback
6. useCallback                useCallback
7. useCallback                useCallback
8. useCallback                useCallback
9. undefined                  useMemo
 @ http://localhost:5188/@fs/Users/wdonaldson/tools/krisp-meeting-insights/node_modules/.vite/deps/react-dom_client.js?v=7d9bc68a:5593
[    4062ms] Error: Rendered more hooks than during the previous render.
    at updateWorkInProgressHook (http://localhost:5188/@fs/Users/wdonaldson/tools/krisp-meeting-insights/node_modules/.vite/deps/react-dom_client.js?v=7d9bc68a:5792:19)
    at updateMemo (http://localhost:5188/@fs/Users/wdonaldson/tools/krisp-meeting-insights/node_modules/.vite/deps/react-dom_client.js?v=7d9bc68a:6540:20)
    at Object.useMemo (http://localhost:5188/@fs/Users/wdonaldson/tools/krisp-meeting-insights/node_modules/.vite/deps/react-dom_client.js?v=7d9bc68a:18969:20)
    at exports.useMemo (http://localhost:5188/@fs/Users/wdonaldson/tools/krisp-meeting-insights/node_modules/.vite/deps/chunk-PQOTZ4DQ.js?v=7d9bc68a:947:36)
    at ResponsiveShell (http://localhost:5188/src/components/ResponsiveShell.tsx?t=1774310162223:70:26)
    at Object.react_stack_bottom_frame (http://localhost:5188/@fs/Users/wdonaldson/tools/krisp-meeting-insights/node_modules/.vite/deps/react-dom_client.js?v=7d9bc68a:18509:20)
    at renderWithHooks (http://localhost:5188/@fs/Users/wdonaldson/tools/krisp-meeting-insights/node_modules/.vite/deps/react-dom_client.js?v=7d9bc68a:5654:24)
    at updateFunctionComponent (http://localhost:5188/@fs/Users/wdonaldson/tools/krisp-meeting-insights/node_modules/.vite/deps/react-dom_client.js?v=7d9bc68a:7475:21)
    at beginWork (http://localhost:5188/@fs/Users/wdonaldson/tools/krisp-meeting-insights/node_modules/.vite/deps/react-dom_client.js?v=7d9bc68a:8525:20)
    at runWithFiberInDEV (http://localhost:5188/@fs/Users/wdonaldson/tools/krisp-meeting-insights/node_modules/.vite/deps/react-dom_client.js?v=7d9bc68a:997:72)
[    4062ms] [WARNING] %s

%s
 An error occurred in the <ResponsiveShell> component. Consider adding an error boundary to your tree to customize error handling behavior.
Visit https://react.dev/link/error-boundaries to learn more about error boundaries. @ http://localhost:5188/@fs/Users/wdonaldson/tools/krisp-meeting-insights/node_modules/.vite/deps/react-dom_client.js?v=7d9bc68a:6965
