[ 7462422ms] TypeError: Cannot read properties of undefined (reading 'length')
    at ArtifactView (http://localhost:5173/src/components/MeetingDetail.tsx?t=1772474745191:558:93)
    at Object.react_stack_bottom_frame (http://localhost:5173/@fs/Users/wdonaldson/tools/krisp-meeting-insights/node_modules/.vite/deps/react-dom_client.js?v=97a04625:18509:20)
    at renderWithHooks (http://localhost:5173/@fs/Users/wdonaldson/tools/krisp-meeting-insights/node_modules/.vite/deps/react-dom_client.js?v=97a04625:5654:24)
    at updateFunctionComponent (http://localhost:5173/@fs/Users/wdonaldson/tools/krisp-meeting-insights/node_modules/.vite/deps/react-dom_client.js?v=97a04625:7475:21)
    at beginWork (http://localhost:5173/@fs/Users/wdonaldson/tools/krisp-meeting-insights/node_modules/.vite/deps/react-dom_client.js?v=97a04625:8525:20)
    at runWithFiberInDEV (http://localhost:5173/@fs/Users/wdonaldson/tools/krisp-meeting-insights/node_modules/.vite/deps/react-dom_client.js?v=97a04625:997:72)
    at performUnitOfWork (http://localhost:5173/@fs/Users/wdonaldson/tools/krisp-meeting-insights/node_modules/.vite/deps/react-dom_client.js?v=97a04625:12561:98)
    at workLoopSync (http://localhost:5173/@fs/Users/wdonaldson/tools/krisp-meeting-insights/node_modules/.vite/deps/react-dom_client.js?v=97a04625:12424:43)
    at renderRootSync (http://localhost:5173/@fs/Users/wdonaldson/tools/krisp-meeting-insights/node_modules/.vite/deps/react-dom_client.js?v=97a04625:12408:13)
    at performWorkOnRoot (http://localhost:5173/@fs/Users/wdonaldson/tools/krisp-meeting-insights/node_modules/.vite/deps/react-dom_client.js?v=97a04625:11827:37)
[ 7462421ms] [WARNING] %s

%s
 An error occurred in the <ArtifactView> component. Consider adding an error boundary to your tree to customize error handling behavior.
Visit https://react.dev/link/error-boundaries to learn more about error boundaries. @ http://localhost:5173/@fs/Users/wdonaldson/tools/krisp-meeting-insights/node_modules/.vite/deps/react-dom_client.js?v=97a04625:6965
[ 7474643ms] TypeError: Cannot read properties of undefined (reading 'length')
    at ArtifactView (http://localhost:5173/src/components/MeetingDetail.tsx?t=1772474745191:558:93)
    at Object.react_stack_bottom_frame (http://localhost:5173/@fs/Users/wdonaldson/tools/krisp-meeting-insights/node_modules/.vite/deps/react-dom_client.js?v=97a04625:18509:20)
    at renderWithHooks (http://localhost:5173/@fs/Users/wdonaldson/tools/krisp-meeting-insights/node_modules/.vite/deps/react-dom_client.js?v=97a04625:5654:24)
    at updateFunctionComponent (http://localhost:5173/@fs/Users/wdonaldson/tools/krisp-meeting-insights/node_modules/.vite/deps/react-dom_client.js?v=97a04625:7475:21)
    at beginWork (http://localhost:5173/@fs/Users/wdonaldson/tools/krisp-meeting-insights/node_modules/.vite/deps/react-dom_client.js?v=97a04625:8525:20)
    at runWithFiberInDEV (http://localhost:5173/@fs/Users/wdonaldson/tools/krisp-meeting-insights/node_modules/.vite/deps/react-dom_client.js?v=97a04625:997:72)
    at performUnitOfWork (http://localhost:5173/@fs/Users/wdonaldson/tools/krisp-meeting-insights/node_modules/.vite/deps/react-dom_client.js?v=97a04625:12561:98)
    at workLoopSync (http://localhost:5173/@fs/Users/wdonaldson/tools/krisp-meeting-insights/node_modules/.vite/deps/react-dom_client.js?v=97a04625:12424:43)
    at renderRootSync (http://localhost:5173/@fs/Users/wdonaldson/tools/krisp-meeting-insights/node_modules/.vite/deps/react-dom_client.js?v=97a04625:12408:13)
    at performWorkOnRoot (http://localhost:5173/@fs/Users/wdonaldson/tools/krisp-meeting-insights/node_modules/.vite/deps/react-dom_client.js?v=97a04625:11827:37)
[ 7474643ms] [WARNING] %s

%s
 An error occurred in the <ArtifactView> component. Consider adding an error boundary to your tree to customize error handling behavior.
Visit https://react.dev/link/error-boundaries to learn more about error boundaries. @ http://localhost:5173/@fs/Users/wdonaldson/tools/krisp-meeting-insights/node_modules/.vite/deps/react-dom_client.js?v=97a04625:6965
[ 7917432ms] TypeError: Cannot read properties of undefined (reading 'length')
    at ArtifactView (http://localhost:5173/src/components/MeetingDetail.tsx?t=1772474745191:558:93)
    at Object.react_stack_bottom_frame (http://localhost:5173/@fs/Users/wdonaldson/tools/krisp-meeting-insights/node_modules/.vite/deps/react-dom_client.js?v=97a04625:18509:20)
    at renderWithHooks (http://localhost:5173/@fs/Users/wdonaldson/tools/krisp-meeting-insights/node_modules/.vite/deps/react-dom_client.js?v=97a04625:5654:24)
    at updateFunctionComponent (http://localhost:5173/@fs/Users/wdonaldson/tools/krisp-meeting-insights/node_modules/.vite/deps/react-dom_client.js?v=97a04625:7475:21)
    at beginWork (http://localhost:5173/@fs/Users/wdonaldson/tools/krisp-meeting-insights/node_modules/.vite/deps/react-dom_client.js?v=97a04625:8525:20)
    at runWithFiberInDEV (http://localhost:5173/@fs/Users/wdonaldson/tools/krisp-meeting-insights/node_modules/.vite/deps/react-dom_client.js?v=97a04625:997:72)
    at performUnitOfWork (http://localhost:5173/@fs/Users/wdonaldson/tools/krisp-meeting-insights/node_modules/.vite/deps/react-dom_client.js?v=97a04625:12561:98)
    at workLoopSync (http://localhost:5173/@fs/Users/wdonaldson/tools/krisp-meeting-insights/node_modules/.vite/deps/react-dom_client.js?v=97a04625:12424:43)
    at renderRootSync (http://localhost:5173/@fs/Users/wdonaldson/tools/krisp-meeting-insights/node_modules/.vite/deps/react-dom_client.js?v=97a04625:12408:13)
    at performWorkOnRoot (http://localhost:5173/@fs/Users/wdonaldson/tools/krisp-meeting-insights/node_modules/.vite/deps/react-dom_client.js?v=97a04625:11827:37)
[ 7917432ms] [WARNING] %s

%s
 An error occurred in the <ArtifactView> component. Consider adding an error boundary to your tree to customize error handling behavior.
Visit https://react.dev/link/error-boundaries to learn more about error boundaries. @ http://localhost:5173/@fs/Users/wdonaldson/tools/krisp-meeting-insights/node_modules/.vite/deps/react-dom_client.js?v=97a04625:6965
[ 7924460ms] TypeError: Cannot read properties of undefined (reading 'length')
    at ArtifactView (http://localhost:5173/src/components/MeetingDetail.tsx?t=1772474745191:558:93)
    at Object.react_stack_bottom_frame (http://localhost:5173/@fs/Users/wdonaldson/tools/krisp-meeting-insights/node_modules/.vite/deps/react-dom_client.js?v=97a04625:18509:20)
    at renderWithHooks (http://localhost:5173/@fs/Users/wdonaldson/tools/krisp-meeting-insights/node_modules/.vite/deps/react-dom_client.js?v=97a04625:5654:24)
    at updateFunctionComponent (http://localhost:5173/@fs/Users/wdonaldson/tools/krisp-meeting-insights/node_modules/.vite/deps/react-dom_client.js?v=97a04625:7475:21)
    at beginWork (http://localhost:5173/@fs/Users/wdonaldson/tools/krisp-meeting-insights/node_modules/.vite/deps/react-dom_client.js?v=97a04625:8525:20)
    at runWithFiberInDEV (http://localhost:5173/@fs/Users/wdonaldson/tools/krisp-meeting-insights/node_modules/.vite/deps/react-dom_client.js?v=97a04625:997:72)
    at performUnitOfWork (http://localhost:5173/@fs/Users/wdonaldson/tools/krisp-meeting-insights/node_modules/.vite/deps/react-dom_client.js?v=97a04625:12561:98)
    at workLoopSync (http://localhost:5173/@fs/Users/wdonaldson/tools/krisp-meeting-insights/node_modules/.vite/deps/react-dom_client.js?v=97a04625:12424:43)
    at renderRootSync (http://localhost:5173/@fs/Users/wdonaldson/tools/krisp-meeting-insights/node_modules/.vite/deps/react-dom_client.js?v=97a04625:12408:13)
    at performWorkOnRoot (http://localhost:5173/@fs/Users/wdonaldson/tools/krisp-meeting-insights/node_modules/.vite/deps/react-dom_client.js?v=97a04625:11827:37)
[ 7924460ms] [WARNING] %s

%s
 An error occurred in the <ArtifactView> component. Consider adding an error boundary to your tree to customize error handling behavior.
Visit https://react.dev/link/error-boundaries to learn more about error boundaries. @ http://localhost:5173/@fs/Users/wdonaldson/tools/krisp-meeting-insights/node_modules/.vite/deps/react-dom_client.js?v=97a04625:6965
[ 7930438ms] TypeError: Cannot read properties of undefined (reading 'length')
    at ArtifactView (http://localhost:5173/src/components/MeetingDetail.tsx?t=1772474745191:558:93)
    at Object.react_stack_bottom_frame (http://localhost:5173/@fs/Users/wdonaldson/tools/krisp-meeting-insights/node_modules/.vite/deps/react-dom_client.js?v=97a04625:18509:20)
    at renderWithHooks (http://localhost:5173/@fs/Users/wdonaldson/tools/krisp-meeting-insights/node_modules/.vite/deps/react-dom_client.js?v=97a04625:5654:24)
    at updateFunctionComponent (http://localhost:5173/@fs/Users/wdonaldson/tools/krisp-meeting-insights/node_modules/.vite/deps/react-dom_client.js?v=97a04625:7475:21)
    at beginWork (http://localhost:5173/@fs/Users/wdonaldson/tools/krisp-meeting-insights/node_modules/.vite/deps/react-dom_client.js?v=97a04625:8525:20)
    at runWithFiberInDEV (http://localhost:5173/@fs/Users/wdonaldson/tools/krisp-meeting-insights/node_modules/.vite/deps/react-dom_client.js?v=97a04625:997:72)
    at performUnitOfWork (http://localhost:5173/@fs/Users/wdonaldson/tools/krisp-meeting-insights/node_modules/.vite/deps/react-dom_client.js?v=97a04625:12561:98)
    at workLoopSync (http://localhost:5173/@fs/Users/wdonaldson/tools/krisp-meeting-insights/node_modules/.vite/deps/react-dom_client.js?v=97a04625:12424:43)
    at renderRootSync (http://localhost:5173/@fs/Users/wdonaldson/tools/krisp-meeting-insights/node_modules/.vite/deps/react-dom_client.js?v=97a04625:12408:13)
    at performWorkOnRoot (http://localhost:5173/@fs/Users/wdonaldson/tools/krisp-meeting-insights/node_modules/.vite/deps/react-dom_client.js?v=97a04625:11827:37)
[ 7930438ms] [WARNING] %s

%s
 An error occurred in the <ArtifactView> component. Consider adding an error boundary to your tree to customize error handling behavior.
Visit https://react.dev/link/error-boundaries to learn more about error boundaries. @ http://localhost:5173/@fs/Users/wdonaldson/tools/krisp-meeting-insights/node_modules/.vite/deps/react-dom_client.js?v=97a04625:6965
[ 7982510ms] TypeError: Cannot read properties of undefined (reading 'length')
    at ArtifactView (http://localhost:5173/src/components/MeetingDetail.tsx?t=1772474745191:558:93)
    at Object.react_stack_bottom_frame (http://localhost:5173/@fs/Users/wdonaldson/tools/krisp-meeting-insights/node_modules/.vite/deps/react-dom_client.js?v=97a04625:18509:20)
    at renderWithHooks (http://localhost:5173/@fs/Users/wdonaldson/tools/krisp-meeting-insights/node_modules/.vite/deps/react-dom_client.js?v=97a04625:5654:24)
    at updateFunctionComponent (http://localhost:5173/@fs/Users/wdonaldson/tools/krisp-meeting-insights/node_modules/.vite/deps/react-dom_client.js?v=97a04625:7475:21)
    at beginWork (http://localhost:5173/@fs/Users/wdonaldson/tools/krisp-meeting-insights/node_modules/.vite/deps/react-dom_client.js?v=97a04625:8525:20)
    at runWithFiberInDEV (http://localhost:5173/@fs/Users/wdonaldson/tools/krisp-meeting-insights/node_modules/.vite/deps/react-dom_client.js?v=97a04625:997:72)
    at performUnitOfWork (http://localhost:5173/@fs/Users/wdonaldson/tools/krisp-meeting-insights/node_modules/.vite/deps/react-dom_client.js?v=97a04625:12561:98)
    at workLoopSync (http://localhost:5173/@fs/Users/wdonaldson/tools/krisp-meeting-insights/node_modules/.vite/deps/react-dom_client.js?v=97a04625:12424:43)
    at renderRootSync (http://localhost:5173/@fs/Users/wdonaldson/tools/krisp-meeting-insights/node_modules/.vite/deps/react-dom_client.js?v=97a04625:12408:13)
    at performWorkOnRoot (http://localhost:5173/@fs/Users/wdonaldson/tools/krisp-meeting-insights/node_modules/.vite/deps/react-dom_client.js?v=97a04625:11827:37)
[ 7982510ms] [WARNING] %s

%s
 An error occurred in the <ArtifactView> component. Consider adding an error boundary to your tree to customize error handling behavior.
Visit https://react.dev/link/error-boundaries to learn more about error boundaries. @ http://localhost:5173/@fs/Users/wdonaldson/tools/krisp-meeting-insights/node_modules/.vite/deps/react-dom_client.js?v=97a04625:6965
